/scratch/users/aa3797/conda/envs/pcs_uq/lib/python3.10/site-packages/sklearn/linear_model/_logistic.py:469: ConvergenceWarning: lbfgs failed to converge (status=1):
STOP: TOTAL NO. OF ITERATIONS REACHED LIMIT.

Increase the number of iterations (max_iter) or scale the data as shown in:
    https://scikit-learn.org/stable/modules/preprocessing.html
Please also refer to the documentation for alternative solver options:
    https://scikit-learn.org/stable/modules/linear_model.html#logistic-regression
  n_iter_i = _check_optimize_result(
Training RandomForest models:   0%|          | 0/500 [00:00<?, ?it/s]Training RandomForest models:   0%|          | 1/500 [00:01<08:38,  1.04s/it]Training RandomForest models:   0%|          | 2/500 [00:02<08:33,  1.03s/it]Training RandomForest models:   1%|          | 3/500 [00:03<08:30,  1.03s/it]Training RandomForest models:   1%|          | 4/500 [00:04<08:25,  1.02s/it]Training RandomForest models:   1%|          | 5/500 [00:05<08:25,  1.02s/it]Training RandomForest models:   1%|          | 6/500 [00:06<08:25,  1.02s/it]Training RandomForest models:   1%|▏         | 7/500 [00:07<08:28,  1.03s/it]Training RandomForest models:   2%|▏         | 8/500 [00:08<08:29,  1.04s/it]Training RandomForest models:   2%|▏         | 9/500 [00:09<08:27,  1.03s/it]Training RandomForest models:   2%|▏         | 10/500 [00:10<08:23,  1.03s/it]Training RandomForest models:   2%|▏         | 11/500 [00:11<08:21,  1.03s/it]Training RandomForest models:   2%|▏         | 12/500 [00:12<08:22,  1.03s/it]Training RandomForest models:   3%|▎         | 13/500 [00:13<08:20,  1.03s/it]Training RandomForest models:   3%|▎         | 14/500 [00:14<08:20,  1.03s/it]Training RandomForest models:   3%|▎         | 15/500 [00:15<08:14,  1.02s/it]Training RandomForest models:   3%|▎         | 16/500 [00:16<08:14,  1.02s/it]Training RandomForest models:   3%|▎         | 17/500 [00:17<08:15,  1.03s/it]Training RandomForest models:   4%|▎         | 18/500 [00:18<08:12,  1.02s/it]Training RandomForest models:   4%|▍         | 19/500 [00:19<08:08,  1.02s/it]Training RandomForest models:   4%|▍         | 20/500 [00:20<08:10,  1.02s/it]Training RandomForest models:   4%|▍         | 21/500 [00:21<08:11,  1.03s/it]Training RandomForest models:   4%|▍         | 22/500 [00:22<08:10,  1.03s/it]Training RandomForest models:   5%|▍         | 23/500 [00:23<08:07,  1.02s/it]Training RandomForest models:   5%|▍         | 24/500 [00:24<08:04,  1.02s/it]Training RandomForest models:   5%|▌         | 25/500 [00:25<08:03,  1.02s/it]Training RandomForest models:   5%|▌         | 26/500 [00:26<08:07,  1.03s/it]Training RandomForest models:   5%|▌         | 27/500 [00:27<08:07,  1.03s/it]Training RandomForest models:   6%|▌         | 28/500 [00:28<08:04,  1.03s/it]Training RandomForest models:   6%|▌         | 29/500 [00:29<08:03,  1.03s/it]Training RandomForest models:   6%|▌         | 30/500 [00:30<07:59,  1.02s/it]Training RandomForest models:   6%|▌         | 31/500 [00:31<08:02,  1.03s/it]Training RandomForest models:   6%|▋         | 32/500 [00:32<08:02,  1.03s/it]Training RandomForest models:   7%|▋         | 33/500 [00:33<08:01,  1.03s/it]Training RandomForest models:   7%|▋         | 34/500 [00:34<07:59,  1.03s/it]Training RandomForest models:   7%|▋         | 35/500 [00:35<07:56,  1.02s/it]Training RandomForest models:   7%|▋         | 36/500 [00:36<07:56,  1.03s/it]Training RandomForest models:   7%|▋         | 37/500 [00:37<07:57,  1.03s/it]Training RandomForest models:   8%|▊         | 38/500 [00:39<07:57,  1.03s/it]Training RandomForest models:   8%|▊         | 39/500 [00:40<07:56,  1.03s/it]Training RandomForest models:   8%|▊         | 40/500 [00:41<07:54,  1.03s/it]Training RandomForest models:   8%|▊         | 41/500 [00:42<07:51,  1.03s/it]Training RandomForest models:   8%|▊         | 42/500 [00:43<07:51,  1.03s/it]Training RandomForest models:   9%|▊         | 43/500 [00:44<07:51,  1.03s/it]Training RandomForest models:   9%|▉         | 44/500 [00:45<07:54,  1.04s/it]Training RandomForest models:   9%|▉         | 45/500 [00:46<07:49,  1.03s/it]Training RandomForest models:   9%|▉         | 46/500 [00:47<07:50,  1.04s/it]Training RandomForest models:   9%|▉         | 47/500 [00:48<07:50,  1.04s/it]Training RandomForest models:  10%|▉         | 48/500 [00:49<07:48,  1.04s/it]Training RandomForest models:  10%|▉         | 49/500 [00:50<07:43,  1.03s/it]Training RandomForest models:  10%|█         | 50/500 [00:51<07:42,  1.03s/it]Training RandomForest models:  10%|█         | 51/500 [00:52<07:44,  1.04s/it]Training RandomForest models:  10%|█         | 52/500 [00:53<07:43,  1.04s/it]Training RandomForest models:  11%|█         | 53/500 [00:54<07:43,  1.04s/it]Training RandomForest models:  11%|█         | 54/500 [00:55<07:42,  1.04s/it]Training RandomForest models:  11%|█         | 55/500 [00:56<07:43,  1.04s/it]Training RandomForest models:  11%|█         | 56/500 [00:57<07:44,  1.05s/it]Training RandomForest models:  11%|█▏        | 57/500 [00:58<07:41,  1.04s/it]Training RandomForest models:  12%|█▏        | 58/500 [00:59<07:38,  1.04s/it]Training RandomForest models:  12%|█▏        | 59/500 [01:00<07:37,  1.04s/it]Training RandomForest models:  12%|█▏        | 60/500 [01:01<07:38,  1.04s/it]Training RandomForest models:  12%|█▏        | 61/500 [01:05<13:36,  1.86s/it]Training RandomForest models:  12%|█▏        | 62/500 [01:06<11:49,  1.62s/it]Training RandomForest models:  13%|█▎        | 63/500 [01:07<10:33,  1.45s/it]Training RandomForest models:  13%|█▎        | 64/500 [01:08<09:39,  1.33s/it]Training RandomForest models:  13%|█▎        | 65/500 [01:09<09:00,  1.24s/it]Training RandomForest models:  13%|█▎        | 66/500 [01:10<08:32,  1.18s/it]Training RandomForest models:  13%|█▎        | 67/500 [01:11<08:14,  1.14s/it]Training RandomForest models:  14%|█▎        | 68/500 [01:12<08:00,  1.11s/it]Training RandomForest models:  14%|█▍        | 69/500 [01:13<07:51,  1.09s/it]Training RandomForest models:  14%|█▍        | 70/500 [01:15<07:43,  1.08s/it]Training RandomForest models:  14%|█▍        | 71/500 [01:16<07:35,  1.06s/it]Training RandomForest models:  14%|█▍        | 72/500 [01:17<07:34,  1.06s/it]Training RandomForest models:  15%|█▍        | 73/500 [01:18<07:34,  1.06s/it]Training RandomForest models:  15%|█▍        | 74/500 [01:19<07:31,  1.06s/it]Training RandomForest models:  15%|█▌        | 75/500 [01:20<07:29,  1.06s/it]Training RandomForest models:  15%|█▌        | 76/500 [01:21<07:28,  1.06s/it]Training RandomForest models:  15%|█▌        | 77/500 [01:22<07:29,  1.06s/it]Training RandomForest models:  16%|█▌        | 78/500 [01:23<07:24,  1.05s/it]Training RandomForest models:  16%|█▌        | 79/500 [01:24<07:22,  1.05s/it]Training RandomForest models:  16%|█▌        | 80/500 [01:25<07:21,  1.05s/it]Training RandomForest models:  16%|█▌        | 81/500 [01:26<07:22,  1.06s/it]Training RandomForest models:  16%|█▋        | 82/500 [01:27<07:20,  1.05s/it]Training RandomForest models:  17%|█▋        | 83/500 [01:28<07:17,  1.05s/it]Training RandomForest models:  17%|█▋        | 84/500 [01:29<07:16,  1.05s/it]Training RandomForest models:  17%|█▋        | 85/500 [01:30<07:17,  1.05s/it]Training RandomForest models:  17%|█▋        | 86/500 [01:31<07:14,  1.05s/it]Training RandomForest models:  17%|█▋        | 87/500 [01:32<07:14,  1.05s/it]Training RandomForest models:  18%|█▊        | 88/500 [01:33<07:12,  1.05s/it]Training RandomForest models:  18%|█▊        | 89/500 [01:34<07:08,  1.04s/it]Training RandomForest models:  18%|█▊        | 90/500 [01:36<07:08,  1.04s/it]Training RandomForest models:  18%|█▊        | 91/500 [01:37<07:08,  1.05s/it]Training RandomForest models:  18%|█▊        | 92/500 [01:38<07:10,  1.05s/it]Training RandomForest models:  19%|█▊        | 93/500 [01:39<07:07,  1.05s/it]Training RandomForest models:  19%|█▉        | 94/500 [01:40<07:04,  1.04s/it]Training RandomForest models:  19%|█▉        | 95/500 [01:41<07:02,  1.04s/it]Training RandomForest models:  19%|█▉        | 96/500 [01:42<07:03,  1.05s/it]Training RandomForest models:  19%|█▉        | 97/500 [01:43<07:03,  1.05s/it]Training RandomForest models:  20%|█▉        | 98/500 [01:44<06:59,  1.04s/it]Training RandomForest models:  20%|█▉        | 99/500 [01:45<06:59,  1.05s/it]Training RandomForest models:  20%|██        | 100/500 [01:46<07:00,  1.05s/it]Training RandomForest models:  20%|██        | 101/500 [01:47<07:00,  1.05s/it]Training RandomForest models:  20%|██        | 102/500 [01:48<06:59,  1.05s/it]Training RandomForest models:  21%|██        | 103/500 [01:49<06:59,  1.06s/it]Training RandomForest models:  21%|██        | 104/500 [01:50<06:55,  1.05s/it]Training RandomForest models:  21%|██        | 105/500 [01:51<06:55,  1.05s/it]Training RandomForest models:  21%|██        | 106/500 [01:52<06:56,  1.06s/it]Training RandomForest models:  21%|██▏       | 107/500 [01:53<06:54,  1.06s/it]Training RandomForest models:  22%|██▏       | 108/500 [01:54<06:52,  1.05s/it]Training RandomForest models:  22%|██▏       | 109/500 [01:56<06:53,  1.06s/it]Training RandomForest models:  22%|██▏       | 110/500 [01:57<06:58,  1.07s/it]Training RandomForest models:  22%|██▏       | 111/500 [01:58<06:55,  1.07s/it]Training RandomForest models:  22%|██▏       | 112/500 [01:59<06:52,  1.06s/it]Training RandomForest models:  23%|██▎       | 113/500 [02:00<06:49,  1.06s/it]Training RandomForest models:  23%|██▎       | 114/500 [02:01<06:55,  1.08s/it]Training RandomForest models:  23%|██▎       | 115/500 [02:02<06:52,  1.07s/it]Training RandomForest models:  23%|██▎       | 116/500 [02:03<06:45,  1.06s/it]Training RandomForest models:  23%|██▎       | 117/500 [02:04<06:44,  1.06s/it]Training RandomForest models:  24%|██▎       | 118/500 [02:05<06:42,  1.05s/it]Training RandomForest models:  24%|██▍       | 119/500 [02:06<06:40,  1.05s/it]Training RandomForest models:  24%|██▍       | 120/500 [02:07<06:38,  1.05s/it]Training RandomForest models:  24%|██▍       | 121/500 [02:08<06:36,  1.05s/it]Training RandomForest models:  24%|██▍       | 122/500 [02:09<06:33,  1.04s/it]Training RandomForest models:  25%|██▍       | 123/500 [02:10<06:36,  1.05s/it]Training RandomForest models:  25%|██▍       | 124/500 [02:11<06:38,  1.06s/it]Training RandomForest models:  25%|██▌       | 125/500 [02:12<06:38,  1.06s/it]Training RandomForest models:  25%|██▌       | 126/500 [02:14<06:36,  1.06s/it]Training RandomForest models:  25%|██▌       | 127/500 [02:15<06:32,  1.05s/it]Training RandomForest models:  26%|██▌       | 128/500 [02:16<06:33,  1.06s/it]Training RandomForest models:  26%|██▌       | 129/500 [02:17<06:33,  1.06s/it]Training RandomForest models:  26%|██▌       | 130/500 [02:18<06:33,  1.06s/it]Training RandomForest models:  26%|██▌       | 131/500 [02:19<06:31,  1.06s/it]Training RandomForest models:  26%|██▋       | 132/500 [02:20<06:29,  1.06s/it]Training RandomForest models:  27%|██▋       | 133/500 [02:21<06:27,  1.06s/it]Training RandomForest models:  27%|██▋       | 134/500 [02:22<06:27,  1.06s/it]Training RandomForest models:  27%|██▋       | 135/500 [02:23<06:26,  1.06s/it]Training RandomForest models:  27%|██▋       | 136/500 [02:24<06:24,  1.06s/it]Training RandomForest models:  27%|██▋       | 137/500 [02:25<06:24,  1.06s/it]Training RandomForest models:  28%|██▊       | 138/500 [02:26<06:24,  1.06s/it]Training RandomForest models:  28%|██▊       | 139/500 [02:27<06:24,  1.06s/it]Training RandomForest models:  28%|██▊       | 140/500 [02:28<06:19,  1.05s/it]Training RandomForest models:  28%|██▊       | 141/500 [02:29<06:17,  1.05s/it]Training RandomForest models:  28%|██▊       | 142/500 [02:30<06:14,  1.05s/it]Training RandomForest models:  29%|██▊       | 143/500 [02:31<06:15,  1.05s/it]Training RandomForest models:  29%|██▉       | 144/500 [02:33<06:14,  1.05s/it]Training RandomForest models:  29%|██▉       | 145/500 [02:34<06:13,  1.05s/it]Training RandomForest models:  29%|██▉       | 146/500 [02:35<06:12,  1.05s/it]Training RandomForest models:  29%|██▉       | 147/500 [02:36<06:10,  1.05s/it]Training RandomForest models:  30%|██▉       | 148/500 [02:37<06:09,  1.05s/it]Training RandomForest models:  30%|██▉       | 149/500 [02:38<06:08,  1.05s/it]Training RandomForest models:  30%|███       | 150/500 [02:39<06:08,  1.05s/it]Training RandomForest models:  30%|███       | 151/500 [02:40<06:07,  1.05s/it]Training RandomForest models:  30%|███       | 152/500 [02:41<06:05,  1.05s/it]Training RandomForest models:  31%|███       | 153/500 [02:42<06:05,  1.05s/it]Training RandomForest models:  31%|███       | 154/500 [02:43<06:04,  1.05s/it]Training RandomForest models:  31%|███       | 155/500 [02:44<06:01,  1.05s/it]Training RandomForest models:  31%|███       | 156/500 [02:45<06:00,  1.05s/it]Training RandomForest models:  31%|███▏      | 157/500 [02:46<05:59,  1.05s/it]Training RandomForest models:  32%|███▏      | 158/500 [02:47<06:00,  1.05s/it]Training RandomForest models:  32%|███▏      | 159/500 [02:48<05:58,  1.05s/it]Training RandomForest models:  32%|███▏      | 160/500 [02:49<05:57,  1.05s/it]Training RandomForest models:  32%|███▏      | 161/500 [02:50<05:56,  1.05s/it]Training RandomForest models:  32%|███▏      | 162/500 [02:51<05:54,  1.05s/it]Training RandomForest models:  33%|███▎      | 163/500 [02:52<05:54,  1.05s/it]Training RandomForest models:  33%|███▎      | 164/500 [02:54<05:50,  1.04s/it]Training RandomForest models:  33%|███▎      | 165/500 [02:55<05:50,  1.05s/it]Training RandomForest models:  33%|███▎      | 166/500 [02:56<05:49,  1.05s/it]Training RandomForest models:  33%|███▎      | 167/500 [02:57<05:51,  1.06s/it]Training RandomForest models:  34%|███▎      | 168/500 [02:58<05:53,  1.06s/it]Training RandomForest models:  34%|███▍      | 169/500 [02:59<05:51,  1.06s/it]Training RandomForest models:  34%|███▍      | 170/500 [03:03<10:52,  1.98s/it]Training RandomForest models:  34%|███▍      | 171/500 [03:04<09:19,  1.70s/it]Training RandomForest models:  34%|███▍      | 172/500 [03:05<08:14,  1.51s/it]Training RandomForest models:  35%|███▍      | 173/500 [03:06<07:28,  1.37s/it]Training RandomForest models:  35%|███▍      | 174/500 [03:07<06:58,  1.28s/it]Training RandomForest models:  35%|███▌      | 175/500 [03:08<06:35,  1.22s/it]Training RandomForest models:  35%|███▌      | 176/500 [03:09<06:17,  1.17s/it]Training RandomForest models:  35%|███▌      | 177/500 [03:10<06:05,  1.13s/it]Training RandomForest models:  36%|███▌      | 178/500 [03:11<05:58,  1.11s/it]Training RandomForest models:  36%|███▌      | 179/500 [03:12<05:50,  1.09s/it]Training RandomForest models:  36%|███▌      | 180/500 [03:14<05:46,  1.08s/it]Training RandomForest models:  36%|███▌      | 181/500 [03:15<05:42,  1.07s/it]Training RandomForest models:  36%|███▋      | 182/500 [03:16<05:39,  1.07s/it]Training RandomForest models:  37%|███▋      | 183/500 [03:17<05:37,  1.07s/it]Training RandomForest models:  37%|███▋      | 184/500 [03:18<05:34,  1.06s/it]Training RandomForest models:  37%|███▋      | 185/500 [03:19<05:32,  1.06s/it]Training RandomForest models:  37%|███▋      | 186/500 [03:20<05:30,  1.05s/it]Training RandomForest models:  37%|███▋      | 187/500 [03:21<05:29,  1.05s/it]Training RandomForest models:  38%|███▊      | 188/500 [03:22<05:31,  1.06s/it]Training RandomForest models:  38%|███▊      | 189/500 [03:23<05:29,  1.06s/it]Training RandomForest models:  38%|███▊      | 190/500 [03:24<05:26,  1.05s/it]Training RandomForest models:  38%|███▊      | 191/500 [03:25<05:24,  1.05s/it]Training RandomForest models:  38%|███▊      | 192/500 [03:26<05:25,  1.06s/it]Training RandomForest models:  39%|███▊      | 193/500 [03:27<05:24,  1.06s/it]Training RandomForest models:  39%|███▉      | 194/500 [03:28<05:22,  1.06s/it]Training RandomForest models:  39%|███▉      | 195/500 [03:29<05:22,  1.06s/it]Training RandomForest models:  39%|███▉      | 196/500 [03:30<05:21,  1.06s/it]Training RandomForest models:  39%|███▉      | 197/500 [03:31<05:20,  1.06s/it]Training RandomForest models:  40%|███▉      | 198/500 [03:33<05:18,  1.06s/it]Training RandomForest models:  40%|███▉      | 199/500 [03:34<05:16,  1.05s/it]Training RandomForest models:  40%|████      | 200/500 [03:35<05:14,  1.05s/it]Training RandomForest models:  40%|████      | 201/500 [03:36<05:12,  1.05s/it]Training RandomForest models:  40%|████      | 202/500 [03:37<05:15,  1.06s/it]Training RandomForest models:  41%|████      | 203/500 [03:38<05:13,  1.06s/it]Training RandomForest models:  41%|████      | 204/500 [03:39<05:11,  1.05s/it]Training RandomForest models:  41%|████      | 205/500 [03:40<05:09,  1.05s/it]Training RandomForest models:  41%|████      | 206/500 [03:41<05:09,  1.05s/it]Training RandomForest models:  41%|████▏     | 207/500 [03:42<05:10,  1.06s/it]Training RandomForest models:  42%|████▏     | 208/500 [03:43<05:11,  1.07s/it]Training RandomForest models:  42%|████▏     | 209/500 [03:44<05:08,  1.06s/it]Training RandomForest models:  42%|████▏     | 210/500 [03:45<05:05,  1.05s/it]Training RandomForest models:  42%|████▏     | 211/500 [03:46<05:06,  1.06s/it]Training RandomForest models:  42%|████▏     | 212/500 [03:47<05:05,  1.06s/it]Training RandomForest models:  43%|████▎     | 213/500 [03:48<05:05,  1.07s/it]Training RandomForest models:  43%|████▎     | 214/500 [03:49<05:02,  1.06s/it]Training RandomForest models:  43%|████▎     | 215/500 [03:50<05:00,  1.06s/it]Training RandomForest models:  43%|████▎     | 216/500 [03:51<04:58,  1.05s/it]Training RandomForest models:  43%|████▎     | 217/500 [03:53<04:58,  1.06s/it]Training RandomForest models:  44%|████▎     | 218/500 [03:54<04:56,  1.05s/it]Training RandomForest models:  44%|████▍     | 219/500 [03:55<04:54,  1.05s/it]Training RandomForest models:  44%|████▍     | 220/500 [03:56<04:53,  1.05s/it]Training RandomForest models:  44%|████▍     | 221/500 [03:57<04:53,  1.05s/it]Training RandomForest models:  44%|████▍     | 222/500 [03:58<04:51,  1.05s/it]Training RandomForest models:  45%|████▍     | 223/500 [03:59<04:51,  1.05s/it]Training RandomForest models:  45%|████▍     | 224/500 [04:00<04:50,  1.05s/it]Training RandomForest models:  45%|████▌     | 225/500 [04:01<04:48,  1.05s/it]Training RandomForest models:  45%|████▌     | 226/500 [04:02<04:49,  1.06s/it]Training RandomForest models:  45%|████▌     | 227/500 [04:03<04:47,  1.05s/it]Training RandomForest models:  46%|████▌     | 228/500 [04:04<04:46,  1.05s/it]Training RandomForest models:  46%|████▌     | 229/500 [04:05<04:45,  1.05s/it]Training RandomForest models:  46%|████▌     | 230/500 [04:06<04:46,  1.06s/it]Training RandomForest models:  46%|████▌     | 231/500 [04:07<04:46,  1.07s/it]Training RandomForest models:  46%|████▋     | 232/500 [04:08<04:45,  1.07s/it]Training RandomForest models:  47%|████▋     | 233/500 [04:09<04:42,  1.06s/it]Training RandomForest models:  47%|████▋     | 234/500 [04:10<04:41,  1.06s/it]Training RandomForest models:  47%|████▋     | 235/500 [04:12<04:40,  1.06s/it]Training RandomForest models:  47%|████▋     | 236/500 [04:13<04:40,  1.06s/it]Training RandomForest models:  47%|████▋     | 236/500 [04:13<04:43,  1.07s/it]
joblib.externals.loky.process_executor._RemoteTraceback: 
"""
Traceback (most recent call last):
  File "/scratch/users/aa3797/conda/envs/pcs_uq/lib/python3.10/site-packages/joblib/_utils.py", line 72, in __call__
    return self.func(**kwargs)
  File "/scratch/users/aa3797/conda/envs/pcs_uq/lib/python3.10/site-packages/joblib/parallel.py", line 598, in __call__
    return [func(*args, **kwargs)
  File "/scratch/users/aa3797/conda/envs/pcs_uq/lib/python3.10/site-packages/joblib/parallel.py", line 598, in <listcomp>
    return [func(*args, **kwargs)
  File "/scratch/users/aa3797/conda/envs/pcs_uq/lib/python3.10/site-packages/sklearn/utils/parallel.py", line 136, in __call__
    return self.function(*args, **kwargs)
  File "/scratch/users/aa3797/conda/envs/pcs_uq/lib/python3.10/site-packages/sklearn/ensemble/_forest.py", line 192, in _parallel_build_trees
    tree._fit(
  File "/scratch/users/aa3797/conda/envs/pcs_uq/lib/python3.10/site-packages/sklearn/tree/_classes.py", line 472, in _fit
    builder.build(self.tree_, X, y, sample_weight, missing_values_in_feature_mask)
  File "_tree.pyx", line 172, in sklearn.tree._tree.DepthFirstTreeBuilder.build
  File "_tree.pyx", line 287, in sklearn.tree._tree.DepthFirstTreeBuilder.build
  File "_tree.pyx", line 942, in sklearn.tree._tree.Tree._add_node
  File "_tree.pyx", line 911, in sklearn.tree._tree.Tree._resize_c
  File "_utils.pyx", line 35, in sklearn.tree._utils.safe_realloc
MemoryError: could not allocate 819200 bytes
"""

The above exception was the direct cause of the following exception:

Traceback (most recent call last):
  File "/accounts/campus/aa3797/PhD/PCS_UQ/experiments/scripts/run_classification_exp.py", line 138, in <module>
    run_classification_experiments(dataset_name=args.dataset, seed=args.seed, uq_method=uq_method, uq_method_name = args.UQ_method, method_name=method_name, train_size=args.train_size)
  File "/accounts/campus/aa3797/PhD/PCS_UQ/experiments/scripts/run_classification_exp.py", line 65, in run_classification_experiments
    uq_method.fit(X_train, y_train)
  File "/accounts/campus/aa3797/PhD/PCS_UQ/src/PCS/classification/multi_class_pcs_oob.py", line 67, in fit
    self._train_top_k(X, y)
  File "/accounts/campus/aa3797/PhD/PCS_UQ/src/PCS/classification/multi_class_pcs_oob.py", line 124, in _train_top_k
    bootstrap_model.fit(X_boot, y_boot)
  File "/scratch/users/aa3797/conda/envs/pcs_uq/lib/python3.10/site-packages/sklearn/base.py", line 1473, in wrapper
    return fit_method(estimator, *args, **kwargs)
  File "/scratch/users/aa3797/conda/envs/pcs_uq/lib/python3.10/site-packages/sklearn/ensemble/_forest.py", line 489, in fit
    trees = Parallel(
  File "/scratch/users/aa3797/conda/envs/pcs_uq/lib/python3.10/site-packages/sklearn/utils/parallel.py", line 74, in __call__
    return super().__call__(iterable_with_config)
  File "/scratch/users/aa3797/conda/envs/pcs_uq/lib/python3.10/site-packages/joblib/parallel.py", line 2007, in __call__
    return output if self.return_generator else list(output)
  File "/scratch/users/aa3797/conda/envs/pcs_uq/lib/python3.10/site-packages/joblib/parallel.py", line 1650, in _get_outputs
    yield from self._retrieve()
  File "/scratch/users/aa3797/conda/envs/pcs_uq/lib/python3.10/site-packages/joblib/parallel.py", line 1754, in _retrieve
    self._raise_error_fast()
  File "/scratch/users/aa3797/conda/envs/pcs_uq/lib/python3.10/site-packages/joblib/parallel.py", line 1789, in _raise_error_fast
    error_job.get_result(self.timeout)
  File "/scratch/users/aa3797/conda/envs/pcs_uq/lib/python3.10/site-packages/joblib/parallel.py", line 745, in get_result
    return self._return_or_raise()
  File "/scratch/users/aa3797/conda/envs/pcs_uq/lib/python3.10/site-packages/joblib/parallel.py", line 763, in _return_or_raise
    raise self._result
MemoryError: could not allocate 819200 bytes
